<?xml version="1.0" encoding="UTF-8"?>
<testsuite name="br.com.siecola.aws_project01.AwsProject01ApplicationTests" tests="1" skipped="0" failures="0" errors="0" timestamp="2022-12-28T19:17:17" hostname="DESKTOP-HVPUSAK" time="0.522">
  <properties/>
  <testcase name="contextLoads()" classname="br.com.siecola.aws_project01.AwsProject01ApplicationTests" time="0.522"/>
  <system-out><![CDATA[16:17:11.325 [Test worker] DEBUG org.springframework.test.context.BootstrapUtils - Instantiating CacheAwareContextLoaderDelegate from class [org.springframework.test.context.cache.DefaultCacheAwareContextLoaderDelegate]
16:17:11.352 [Test worker] DEBUG org.springframework.test.context.BootstrapUtils - Instantiating BootstrapContext using constructor [public org.springframework.test.context.support.DefaultBootstrapContext(java.lang.Class,org.springframework.test.context.CacheAwareContextLoaderDelegate)]
16:17:11.408 [Test worker] DEBUG org.springframework.test.context.BootstrapUtils - Instantiating TestContextBootstrapper for test class [br.com.siecola.aws_project01.AwsProject01ApplicationTests] from class [org.springframework.boot.test.context.SpringBootTestContextBootstrapper]
16:17:11.429 [Test worker] INFO org.springframework.boot.test.context.SpringBootTestContextBootstrapper - Neither @ContextConfiguration nor @ContextHierarchy found for test class [br.com.siecola.aws_project01.AwsProject01ApplicationTests], using SpringBootContextLoader
16:17:11.434 [Test worker] DEBUG org.springframework.test.context.support.AbstractContextLoader - Did not detect default resource location for test class [br.com.siecola.aws_project01.AwsProject01ApplicationTests]: class path resource [br/com/siecola/aws_project01/AwsProject01ApplicationTests-context.xml] does not exist
16:17:11.435 [Test worker] DEBUG org.springframework.test.context.support.AbstractContextLoader - Did not detect default resource location for test class [br.com.siecola.aws_project01.AwsProject01ApplicationTests]: class path resource [br/com/siecola/aws_project01/AwsProject01ApplicationTestsContext.groovy] does not exist
16:17:11.435 [Test worker] INFO org.springframework.test.context.support.AbstractContextLoader - Could not detect default resource locations for test class [br.com.siecola.aws_project01.AwsProject01ApplicationTests]: no resource found for suffixes {-context.xml, Context.groovy}.
16:17:11.437 [Test worker] INFO org.springframework.test.context.support.AnnotationConfigContextLoaderUtils - Could not detect default configuration classes for test class [br.com.siecola.aws_project01.AwsProject01ApplicationTests]: AwsProject01ApplicationTests does not declare any static, non-private, non-final, nested classes annotated with @Configuration.
16:17:11.520 [Test worker] DEBUG org.springframework.test.context.support.ActiveProfilesUtils - Could not find an 'annotation declaring class' for annotation type [org.springframework.test.context.ActiveProfiles] and class [br.com.siecola.aws_project01.AwsProject01ApplicationTests]
16:17:11.640 [Test worker] DEBUG org.springframework.context.annotation.ClassPathScanningCandidateComponentProvider - Identified candidate component class: file [D:\ws-bootcamp\aws_project01_start\aws_project01_start\build\classes\java\main\br\com\siecola\aws_project01\AwsProject01Application.class]
16:17:11.643 [Test worker] INFO org.springframework.boot.test.context.SpringBootTestContextBootstrapper - Found @SpringBootConfiguration br.com.siecola.aws_project01.AwsProject01Application for test class br.com.siecola.aws_project01.AwsProject01ApplicationTests
16:17:11.931 [Test worker] DEBUG org.springframework.boot.test.context.SpringBootTestContextBootstrapper - @TestExecutionListeners is not present for class [br.com.siecola.aws_project01.AwsProject01ApplicationTests]: using defaults.
16:17:11.932 [Test worker] INFO org.springframework.boot.test.context.SpringBootTestContextBootstrapper - Loaded default TestExecutionListener class names from location [META-INF/spring.factories]: [org.springframework.boot.test.autoconfigure.restdocs.RestDocsTestExecutionListener, org.springframework.boot.test.autoconfigure.web.client.MockRestServiceServerResetTestExecutionListener, org.springframework.boot.test.autoconfigure.web.servlet.MockMvcPrintOnlyOnFailureTestExecutionListener, org.springframework.boot.test.autoconfigure.web.servlet.WebDriverTestExecutionListener, org.springframework.boot.test.autoconfigure.webservices.client.MockWebServiceServerTestExecutionListener, org.springframework.boot.test.mock.mockito.MockitoTestExecutionListener, org.springframework.boot.test.mock.mockito.ResetMocksTestExecutionListener, org.springframework.test.context.web.ServletTestExecutionListener, org.springframework.test.context.support.DirtiesContextBeforeModesTestExecutionListener, org.springframework.test.context.support.DependencyInjectionTestExecutionListener, org.springframework.test.context.support.DirtiesContextTestExecutionListener, org.springframework.test.context.transaction.TransactionalTestExecutionListener, org.springframework.test.context.jdbc.SqlScriptsTestExecutionListener, org.springframework.test.context.event.EventPublishingTestExecutionListener]
16:17:11.961 [Test worker] DEBUG org.springframework.boot.test.context.SpringBootTestContextBootstrapper - Skipping candidate TestExecutionListener [org.springframework.test.context.transaction.TransactionalTestExecutionListener] due to a missing dependency. Specify custom listener classes or make the default listener classes and their required dependencies available. Offending class: [org/springframework/transaction/interceptor/TransactionAttributeSource]
16:17:11.962 [Test worker] DEBUG org.springframework.boot.test.context.SpringBootTestContextBootstrapper - Skipping candidate TestExecutionListener [org.springframework.test.context.jdbc.SqlScriptsTestExecutionListener] due to a missing dependency. Specify custom listener classes or make the default listener classes and their required dependencies available. Offending class: [org/springframework/transaction/interceptor/TransactionAttribute]
16:17:11.964 [Test worker] INFO org.springframework.boot.test.context.SpringBootTestContextBootstrapper - Using TestExecutionListeners: [org.springframework.test.context.web.ServletTestExecutionListener@339bf286, org.springframework.test.context.support.DirtiesContextBeforeModesTestExecutionListener@38be305c, org.springframework.boot.test.mock.mockito.MockitoTestExecutionListener@269f4bad, org.springframework.boot.test.autoconfigure.SpringBootDependencyInjectionTestExecutionListener@5ed731d0, org.springframework.test.context.support.DirtiesContextTestExecutionListener@3234f74e, org.springframework.test.context.event.EventPublishingTestExecutionListener@7bc10d84, org.springframework.boot.test.autoconfigure.restdocs.RestDocsTestExecutionListener@275fe372, org.springframework.boot.test.autoconfigure.web.client.MockRestServiceServerResetTestExecutionListener@40e10ff8, org.springframework.boot.test.autoconfigure.web.servlet.MockMvcPrintOnlyOnFailureTestExecutionListener@557a1e2d, org.springframework.boot.test.autoconfigure.web.servlet.WebDriverTestExecutionListener@26a4842b, org.springframework.boot.test.autoconfigure.webservices.client.MockWebServiceServerTestExecutionListener@7e38a7fe, org.springframework.boot.test.mock.mockito.ResetMocksTestExecutionListener@366ef90e]
16:17:11.978 [Test worker] DEBUG org.springframework.test.context.support.AbstractDirtiesContextTestExecutionListener - Before test class: context [DefaultTestContext@1252b961 testClass = AwsProject01ApplicationTests, testInstance = [null], testMethod = [null], testException = [null], mergedContextConfiguration = [WebMergedContextConfiguration@9ed238c testClass = AwsProject01ApplicationTests, locations = '{}', classes = '{class br.com.siecola.aws_project01.AwsProject01Application}', contextInitializerClasses = '[]', activeProfiles = '{}', propertySourceLocations = '{}', propertySourceProperties = '{org.springframework.boot.test.context.SpringBootTestContextBootstrapper=true}', contextCustomizers = set[org.springframework.boot.test.autoconfigure.actuate.metrics.MetricsExportContextCustomizerFactory$DisableMetricExportContextCustomizer@5ba88be8, org.springframework.boot.test.autoconfigure.properties.PropertyMappingContextCustomizer@0, org.springframework.boot.test.autoconfigure.web.servlet.WebDriverContextCustomizerFactory$Customizer@e57b96d, org.springframework.boot.test.context.filter.ExcludeFilterContextCustomizer@c94fd30, org.springframework.boot.test.json.DuplicateJsonObjectContextCustomizerFactory$DuplicateJsonObjectContextCustomizer@7f0d96f2, org.springframework.boot.test.mock.mockito.MockitoContextCustomizer@0, org.springframework.boot.test.web.client.TestRestTemplateContextCustomizer@31c7528f, org.springframework.boot.test.web.reactive.server.WebTestClientContextCustomizer@6bffbc6d, org.springframework.boot.test.context.SpringBootTestArgs@1, org.springframework.boot.test.context.SpringBootTestWebEnvironment@3e6ef8ad], resourceBasePath = 'src/main/webapp', contextLoader = 'org.springframework.boot.test.context.SpringBootContextLoader', parent = [null]], attributes = map['org.springframework.test.context.web.ServletTestExecutionListener.activateListener' -> true]], class annotated with @DirtiesContext [false] with mode [null].
16:17:12.101 [Test worker] DEBUG org.springframework.test.context.support.TestPropertySourceUtils - Adding inlined properties to environment: {spring.jmx.enabled=false, org.springframework.boot.test.context.SpringBootTestContextBootstrapper=true}

  .   ____          _            __ _ _
 /\\ / ___'_ __ _ _(_)_ __  __ _ \ \ \ \
( ( )\___ | '_ | '_| | '_ \/ _` | \ \ \ \
 \\/  ___)| |_)| | | | | || (_| |  ) ) ) )
  '  |____| .__|_| |_|_| |_\__, | / / / /
 =========|_|==============|___/=/_/_/_/
 :: Spring Boot ::       (v2.4.0-SNAPSHOT)

2022-12-28 16:17:12.710  INFO 20568 --- [    Test worker] b.c.s.a.AwsProject01ApplicationTests     : Starting AwsProject01ApplicationTests using Java 17.0.3 on DESKTOP-HVPUSAK with PID 20568 (started by hbort in D:\ws-bootcamp\aws_project01_start\aws_project01_start)
2022-12-28 16:17:12.717  INFO 20568 --- [    Test worker] b.c.s.a.AwsProject01ApplicationTests     : No active profile set, falling back to default profiles: default
2022-12-28 16:17:15.822  INFO 20568 --- [    Test worker] o.s.s.concurrent.ThreadPoolTaskExecutor  : Initializing ExecutorService 'applicationTaskExecutor'
2022-12-28 16:17:16.768  INFO 20568 --- [    Test worker] o.s.b.a.e.web.EndpointLinksResolver      : Exposing 2 endpoint(s) beneath base path '/actuator'
2022-12-28 16:17:16.883  INFO 20568 --- [    Test worker] b.c.s.a.AwsProject01ApplicationTests     : Started AwsProject01ApplicationTests in 4.755 seconds (JVM running for 7.068)
]]></system-out>
  <system-err><![CDATA[]]></system-err>
</testsuite>
